# JRE version: OpenJDK Runtime Environment (11.0.13) (build 11.0.13+0-b1751.21-8125866)
# Java VM: OpenJDK 64-Bit Server VM (11.0.13+0-b1751.21-8125866, mixed mode, tiered, compressed oops, g1 gc, windows-amd64)
Heap:
 garbage-first heap   total 421888K, used 349163K [0x0000000080000000, 0x0000000100000000)
  region size 1024K, 97 young (99328K), 11 survivors (11264K)
 Metaspace       used 105508K, capacity 111074K, committed 111092K, reserved 1144832K
  class space    used 13241K, capacity 15254K, committed 15264K, reserved 1048576K
GC Heap History (20 events):
Event: 435.968 GC heap before
{Heap before GC invocations=56 (full 0):
 garbage-first heap   total 421888K, used 344007K [0x0000000080000000, 0x0000000100000000)
  region size 1024K, 152 young (155648K), 13 survivors (13312K)
 Metaspace       used 93468K, capacity 98678K, committed 98932K, reserved 1134592K
  class space    used 12141K, capacity 13997K, committed 14112K, reserved 1048576K
}
Event: 436.008 GC heap after
{Heap after GC invocations=57 (full 0):
 garbage-first heap   total 421888K, used 204972K [0x0000000080000000, 0x0000000100000000)
  region size 1024K, 12 young (12288K), 12 survivors (12288K)
 Metaspace       used 93468K, capacity 98678K, committed 98932K, reserved 1134592K
  class space    used 12141K, capacity 13997K, committed 14112K, reserved 1048576K
}
Event: 453.798 GC heap before
{Heap before GC invocations=57 (full 0):
 garbage-first heap   total 421888K, used 348332K [0x0000000080000000, 0x0000000100000000)
  region size 1024K, 152 young (155648K), 12 survivors (12288K)
 Metaspace       used 93468K, capacity 98678K, committed 98932K, reserved 1134592K
  class space    used 12141K, capacity 13997K, committed 14112K, reserved 1048576K
}
Event: 453.840 GC heap after
{Heap after GC invocations=58 (full 0):
 garbage-first heap   total 421888K, used 208745K [0x0000000080000000, 0x0000000100000000)
  region size 1024K, 13 young (13312K), 13 survivors (13312K)
 Metaspace       used 93468K, capacity 98678K, committed 98932K, reserved 1134592K
  class space    used 12141K, capacity 13997K, committed 14112K, reserved 1048576K
}
Event: 474.693 GC heap before
{Heap before GC invocations=58 (full 0):
 garbage-first heap   total 421888K, used 352105K [0x0000000080000000, 0x0000000100000000)
  region size 1024K, 153 young (156672K), 13 survivors (13312K)
 Metaspace       used 93496K, capacity 98684K, committed 98932K, reserved 1134592K
  class space    used 12141K, capacity 13997K, committed 14112K, reserved 1048576K
}
Event: 474.732 GC heap after
{Heap after GC invocations=59 (full 0):
 garbage-first heap   total 421888K, used 211843K [0x0000000080000000, 0x0000000100000000)
  region size 1024K, 12 young (12288K), 12 survivors (12288K)
 Metaspace       used 93496K, capacity 98684K, committed 98932K, reserved 1134592K
  class space    used 12141K, capacity 13997K, committed 14112K, reserved 1048576K
}
Event: 10033.852 GC heap before
{Heap before GC invocations=59 (full 0):
 garbage-first heap   total 421888K, used 355203K [0x0000000080000000, 0x0000000100000000)
  region size 1024K, 153 young (156672K), 12 survivors (12288K)
 Metaspace       used 93667K, capacity 98864K, committed 99188K, reserved 1134592K
  class space    used 12165K, capacity 14035K, committed 14112K, reserved 1048576K
}
Event: 10033.896 GC heap after
{Heap after GC invocations=60 (full 0):
 garbage-first heap   total 421888K, used 217007K [0x0000000080000000, 0x0000000100000000)
  region size 1024K, 14 young (14336K), 14 survivors (14336K)
 Metaspace       used 93667K, capacity 98864K, committed 99188K, reserved 1134592K
  class space    used 12165K, capacity 14035K, committed 14112K, reserved 1048576K
}
Event: 10044.247 GC heap before
{Heap before GC invocations=60 (full 0):
 garbage-first heap   total 421888K, used 390063K [0x0000000080000000, 0x0000000100000000)
  region size 1024K, 149 young (152576K), 14 survivors (14336K)
 Metaspace       used 94237K, capacity 99437K, committed 99700K, reserved 1134592K
  class space    used 12226K, capacity 14090K, committed 14112K, reserved 1048576K
}
Event: 10044.306 GC heap after
{Heap after GC invocations=61 (full 0):
 garbage-first heap   total 421888K, used 220679K [0x0000000080000000, 0x0000000100000000)
  region size 1024K, 11 young (11264K), 11 survivors (11264K)
 Metaspace       used 94237K, capacity 99437K, committed 99700K, reserved 1134592K
  class space    used 12226K, capacity 14090K, committed 14112K, reserved 1048576K
}
Event: 10050.840 GC heap before
{Heap before GC invocations=61 (full 0):
 garbage-first heap   total 421888K, used 356871K [0x0000000080000000, 0x0000000100000000)
  region size 1024K, 144 young (147456K), 11 survivors (11264K)
 Metaspace       used 94546K, capacity 99739K, committed 100084K, reserved 1134592K
  class space    used 12240K, capacity 14114K, committed 14240K, reserved 1048576K
}
Event: 10050.895 GC heap after
{Heap after GC invocations=62 (full 0):
 garbage-first heap   total 421888K, used 228608K [0x0000000080000000, 0x0000000100000000)
  region size 1024K, 13 young (13312K), 13 survivors (13312K)
 Metaspace       used 94546K, capacity 99739K, committed 100084K, reserved 1134592K
  class space    used 12240K, capacity 14114K, committed 14240K, reserved 1048576K
}
Event: 10059.125 GC heap before
{Heap before GC invocations=62 (full 0):
 garbage-first heap   total 421888K, used 355584K [0x0000000080000000, 0x0000000100000000)
  region size 1024K, 138 young (141312K), 13 survivors (13312K)
 Metaspace       used 96573K, capacity 101949K, committed 102132K, reserved 1136640K
  class space    used 12476K, capacity 14435K, committed 14496K, reserved 1048576K
}
Event: 10059.210 GC heap after
{Heap after GC invocations=63 (full 0):
 garbage-first heap   total 421888K, used 235976K [0x0000000080000000, 0x0000000100000000)
  region size 1024K, 15 young (15360K), 15 survivors (15360K)
 Metaspace       used 96573K, capacity 101949K, committed 102132K, reserved 1136640K
  class space    used 12476K, capacity 14435K, committed 14496K, reserved 1048576K
}
Event: 10068.944 GC heap before
{Heap before GC invocations=63 (full 0):
 garbage-first heap   total 421888K, used 355784K [0x0000000080000000, 0x0000000100000000)
  region size 1024K, 133 young (136192K), 15 survivors (15360K)
 Metaspace       used 98662K, capacity 104176K, committed 104436K, reserved 1138688K
  class space    used 12689K, capacity 14681K, committed 14752K, reserved 1048576K
}
Event: 10068.999 GC heap after
{Heap after GC invocations=64 (full 0):
 garbage-first heap   total 421888K, used 242732K [0x0000000080000000, 0x0000000100000000)
  region size 1024K, 15 young (15360K), 15 survivors (15360K)
 Metaspace       used 98662K, capacity 104176K, committed 104436K, reserved 1138688K
  class space    used 12689K, capacity 14681K, committed 14752K, reserved 1048576K
}
Event: 10072.705 GC heap before
{Heap before GC invocations=64 (full 0):
 garbage-first heap   total 421888K, used 355372K [0x0000000080000000, 0x0000000100000000)
  region size 1024K, 126 young (129024K), 15 survivors (15360K)
 Metaspace       used 98990K, capacity 104443K, committed 104692K, reserved 1138688K
  class space    used 12689K, capacity 14681K, committed 14752K, reserved 1048576K
}
Event: 10072.757 GC heap after
{Heap after GC invocations=65 (full 0):
 garbage-first heap   total 421888K, used 251835K [0x0000000080000000, 0x0000000100000000)
  region size 1024K, 10 young (10240K), 10 survivors (10240K)
 Metaspace       used 98990K, capacity 104443K, committed 104692K, reserved 1138688K
  class space    used 12689K, capacity 14681K, committed 14752K, reserved 1048576K
}
Event: 10076.724 GC heap before
{Heap before GC invocations=65 (full 0):
 garbage-first heap   total 421888K, used 370619K [0x0000000080000000, 0x0000000100000000)
  region size 1024K, 112 young (114688K), 10 survivors (10240K)
 Metaspace       used 102732K, capacity 108194K, committed 108532K, reserved 1142784K
  class space    used 12964K, capacity 14920K, committed 15008K, reserved 1048576K
}
Event: 10076.774 GC heap after
{Heap after GC invocations=66 (full 0):
 garbage-first heap   total 421888K, used 263147K [0x0000000080000000, 0x0000000100000000)
  region size 1024K, 11 young (11264K), 11 survivors (11264K)
 Metaspace       used 102732K, capacity 108194K, committed 108532K, reserved 1142784K
  class space    used 12964K, capacity 14920K, committed 15008K, reserved 1048576K
}

